mode: set
github.com/akawula/DoraMatic/github/client/client.go:11.29,17.2 3 0
github.com/akawula/DoraMatic/github/client/mock_client.go:37.112,41.24 2 0
github.com/akawula/DoraMatic/github/client/mock_client.go:41.24,43.3 1 0
github.com/akawula/DoraMatic/github/client/mock_client.go:45.2,45.28 1 0
github.com/akawula/DoraMatic/github/client/mock_client.go:45.28,47.3 1 0
github.com/akawula/DoraMatic/github/client/mock_client.go:50.2,50.86 1 0
github.com/akawula/DoraMatic/github/client/mock_client.go:50.86,52.17 2 0
github.com/akawula/DoraMatic/github/client/mock_client.go:52.17,54.4 1 0
github.com/akawula/DoraMatic/github/client/mock_client.go:55.3,55.13 1 0
github.com/akawula/DoraMatic/github/client/mock_client.go:61.2,61.31 1 0
github.com/akawula/DoraMatic/github/client/mock_client.go:61.31,65.17 2 0
github.com/akawula/DoraMatic/github/client/mock_client.go:65.17,66.18 1 0
github.com/akawula/DoraMatic/github/client/mock_client.go:66.18,68.5 1 0
github.com/akawula/DoraMatic/github/client/mock_client.go:69.4,69.77 1 0
github.com/akawula/DoraMatic/github/client/mock_client.go:73.3,73.47 1 0
github.com/akawula/DoraMatic/github/client/mock_client.go:73.47,75.18 2 0
github.com/akawula/DoraMatic/github/client/mock_client.go:75.18,77.5 1 0
github.com/akawula/DoraMatic/github/client/mock_client.go:78.4,78.14 1 0
github.com/akawula/DoraMatic/github/client/mock_client.go:81.3,82.17 2 0
github.com/akawula/DoraMatic/github/client/mock_client.go:82.17,83.18 1 0
github.com/akawula/DoraMatic/github/client/mock_client.go:83.18,85.5 1 0
github.com/akawula/DoraMatic/github/client/mock_client.go:86.4,86.97 1 0
github.com/akawula/DoraMatic/github/client/mock_client.go:90.2,90.12 1 0
github.com/akawula/DoraMatic/github/client/mock_client.go:95.60,98.2 2 0
github.com/akawula/DoraMatic/github/client/mock_client.go:100.50,103.2 2 0
github.com/akawula/DoraMatic/github/client/mock_client.go:105.90,108.2 2 0
github.com/akawula/DoraMatic/github/client/mock_client.go:110.38,117.2 5 0
github.com/akawula/DoraMatic/cmd/slack/slack.go:8.13,11.2 2 0
github.com/akawula/DoraMatic/cmd/cronjob/cronjob.go:21.25,23.31 2 1
github.com/akawula/DoraMatic/cmd/cronjob/cronjob.go:23.31,25.3 1 1
github.com/akawula/DoraMatic/cmd/cronjob/cronjob.go:26.2,26.14 1 1
github.com/akawula/DoraMatic/cmd/cronjob/cronjob.go:29.28,33.2 1 0
github.com/akawula/DoraMatic/cmd/cronjob/cronjob.go:35.13,49.16 5 0
github.com/akawula/DoraMatic/cmd/cronjob/cronjob.go:49.16,52.3 2 0
github.com/akawula/DoraMatic/cmd/cronjob/cronjob.go:53.2,56.16 3 0
github.com/akawula/DoraMatic/cmd/cronjob/cronjob.go:56.16,59.3 2 0
github.com/akawula/DoraMatic/cmd/cronjob/cronjob.go:61.2,65.16 2 0
github.com/akawula/DoraMatic/cmd/cronjob/cronjob.go:65.16,68.3 2 0
github.com/akawula/DoraMatic/cmd/cronjob/cronjob.go:70.2,70.61 1 0
github.com/akawula/DoraMatic/cmd/cronjob/cronjob.go:70.61,73.3 2 0
github.com/akawula/DoraMatic/cmd/cronjob/cronjob.go:73.8,73.39 1 0
github.com/akawula/DoraMatic/cmd/cronjob/cronjob.go:73.39,75.3 1 0
github.com/akawula/DoraMatic/cmd/cronjob/cronjob.go:75.8,77.3 1 0
github.com/akawula/DoraMatic/cmd/cronjob/cronjob.go:80.2,88.16 5 0
github.com/akawula/DoraMatic/cmd/cronjob/cronjob.go:88.16,91.3 2 0
github.com/akawula/DoraMatic/cmd/cronjob/cronjob.go:93.2,93.35 1 0
github.com/akawula/DoraMatic/cmd/cronjob/cronjob.go:93.35,95.3 1 0
github.com/akawula/DoraMatic/cmd/cronjob/cronjob.go:97.2,97.43 1 0
github.com/akawula/DoraMatic/cmd/cronjob/cronjob.go:97.43,99.3 1 0
github.com/akawula/DoraMatic/cmd/cronjob/cronjob.go:102.2,103.16 2 0
github.com/akawula/DoraMatic/cmd/cronjob/cronjob.go:103.16,107.3 2 0
github.com/akawula/DoraMatic/cmd/cronjob/cronjob.go:109.2,111.29 3 0
github.com/akawula/DoraMatic/cmd/cronjob/cronjob.go:111.29,117.17 5 0
github.com/akawula/DoraMatic/cmd/cronjob/cronjob.go:117.17,120.4 2 0
github.com/akawula/DoraMatic/cmd/cronjob/cronjob.go:122.3,123.17 2 0
github.com/akawula/DoraMatic/cmd/cronjob/cronjob.go:123.17,125.4 1 0
github.com/akawula/DoraMatic/github/client/client.go:11.29,17.2 3 0
github.com/akawula/DoraMatic/github/client/mock_client.go:37.112,41.24 2 0
github.com/akawula/DoraMatic/github/client/mock_client.go:41.24,43.3 1 0
github.com/akawula/DoraMatic/github/client/mock_client.go:45.2,45.28 1 0
github.com/akawula/DoraMatic/github/client/mock_client.go:45.28,47.3 1 0
github.com/akawula/DoraMatic/github/client/mock_client.go:50.2,50.86 1 0
github.com/akawula/DoraMatic/github/client/mock_client.go:50.86,52.17 2 0
github.com/akawula/DoraMatic/github/client/mock_client.go:52.17,54.4 1 0
github.com/akawula/DoraMatic/github/client/mock_client.go:55.3,55.13 1 0
github.com/akawula/DoraMatic/github/client/mock_client.go:61.2,61.31 1 0
github.com/akawula/DoraMatic/github/client/mock_client.go:61.31,65.17 2 0
github.com/akawula/DoraMatic/github/client/mock_client.go:65.17,66.18 1 0
github.com/akawula/DoraMatic/github/client/mock_client.go:66.18,68.5 1 0
github.com/akawula/DoraMatic/github/client/mock_client.go:69.4,69.77 1 0
github.com/akawula/DoraMatic/github/client/mock_client.go:73.3,73.47 1 0
github.com/akawula/DoraMatic/github/client/mock_client.go:73.47,75.18 2 0
github.com/akawula/DoraMatic/github/client/mock_client.go:75.18,77.5 1 0
github.com/akawula/DoraMatic/github/client/mock_client.go:78.4,78.14 1 0
github.com/akawula/DoraMatic/github/client/mock_client.go:81.3,82.17 2 0
github.com/akawula/DoraMatic/github/client/mock_client.go:82.17,83.18 1 0
github.com/akawula/DoraMatic/github/client/mock_client.go:83.18,85.5 1 0
github.com/akawula/DoraMatic/github/client/mock_client.go:86.4,86.97 1 0
github.com/akawula/DoraMatic/github/client/mock_client.go:90.2,90.12 1 0
github.com/akawula/DoraMatic/github/client/mock_client.go:95.60,98.2 2 0
github.com/akawula/DoraMatic/github/client/mock_client.go:100.50,103.2 2 0
github.com/akawula/DoraMatic/github/client/mock_client.go:105.90,108.2 2 0
github.com/akawula/DoraMatic/github/client/mock_client.go:110.38,117.2 5 0
github.com/akawula/DoraMatic/github/client/client.go:11.29,17.2 3 0
github.com/akawula/DoraMatic/github/client/mock_client.go:37.112,41.24 2 0
github.com/akawula/DoraMatic/github/client/mock_client.go:41.24,43.3 1 0
github.com/akawula/DoraMatic/github/client/mock_client.go:45.2,45.28 1 0
github.com/akawula/DoraMatic/github/client/mock_client.go:45.28,47.3 1 0
github.com/akawula/DoraMatic/github/client/mock_client.go:50.2,50.86 1 0
github.com/akawula/DoraMatic/github/client/mock_client.go:50.86,52.17 2 0
github.com/akawula/DoraMatic/github/client/mock_client.go:52.17,54.4 1 0
github.com/akawula/DoraMatic/github/client/mock_client.go:55.3,55.13 1 0
github.com/akawula/DoraMatic/github/client/mock_client.go:61.2,61.31 1 0
github.com/akawula/DoraMatic/github/client/mock_client.go:61.31,65.17 2 0
github.com/akawula/DoraMatic/github/client/mock_client.go:65.17,66.18 1 0
github.com/akawula/DoraMatic/github/client/mock_client.go:66.18,68.5 1 0
github.com/akawula/DoraMatic/github/client/mock_client.go:69.4,69.77 1 0
github.com/akawula/DoraMatic/github/client/mock_client.go:73.3,73.47 1 0
github.com/akawula/DoraMatic/github/client/mock_client.go:73.47,75.18 2 0
github.com/akawula/DoraMatic/github/client/mock_client.go:75.18,77.5 1 0
github.com/akawula/DoraMatic/github/client/mock_client.go:78.4,78.14 1 0
github.com/akawula/DoraMatic/github/client/mock_client.go:81.3,82.17 2 0
github.com/akawula/DoraMatic/github/client/mock_client.go:82.17,83.18 1 0
github.com/akawula/DoraMatic/github/client/mock_client.go:83.18,85.5 1 0
github.com/akawula/DoraMatic/github/client/mock_client.go:86.4,86.97 1 0
github.com/akawula/DoraMatic/github/client/mock_client.go:90.2,90.12 1 0
github.com/akawula/DoraMatic/github/client/mock_client.go:95.60,98.2 2 0
github.com/akawula/DoraMatic/github/client/mock_client.go:100.50,103.2 2 0
github.com/akawula/DoraMatic/github/client/mock_client.go:105.90,108.2 2 0
github.com/akawula/DoraMatic/github/client/mock_client.go:110.38,117.2 5 0
github.com/akawula/DoraMatic/slack/message.go:15.72,17.26 2 1
github.com/akawula/DoraMatic/slack/message.go:17.26,19.3 1 1
github.com/akawula/DoraMatic/slack/message.go:20.2,42.3 1 1
github.com/akawula/DoraMatic/slack/message.go:45.42,60.25 2 0
github.com/akawula/DoraMatic/slack/message.go:60.25,62.3 1 0
github.com/akawula/DoraMatic/slack/message.go:64.2,64.48 1 0
github.com/akawula/DoraMatic/slack/message.go:64.48,66.3 1 0
github.com/akawula/DoraMatic/slack/message.go:68.2,77.17 1 0
github.com/akawula/DoraMatic/slack/message.go:80.73,89.21 3 0
github.com/akawula/DoraMatic/slack/message.go:89.21,91.3 1 0
github.com/akawula/DoraMatic/slack/message.go:93.2,96.16 3 0
github.com/akawula/DoraMatic/slack/message.go:96.16,98.3 1 0
github.com/akawula/DoraMatic/slack/message.go:101.2,102.16 2 0
github.com/akawula/DoraMatic/slack/message.go:102.16,104.3 1 0
github.com/akawula/DoraMatic/slack/message.go:107.2,113.16 5 0
github.com/akawula/DoraMatic/slack/message.go:113.16,115.3 1 0
github.com/akawula/DoraMatic/slack/message.go:116.2,119.38 2 0
github.com/akawula/DoraMatic/slack/message.go:119.38,121.3 1 0
github.com/akawula/DoraMatic/slack/message.go:124.2,127.12 3 0
github.com/akawula/DoraMatic/github/client/client.go:11.29,17.2 3 0
github.com/akawula/DoraMatic/github/client/mock_client.go:37.112,41.24 2 1
github.com/akawula/DoraMatic/github/client/mock_client.go:41.24,43.3 1 1
github.com/akawula/DoraMatic/github/client/mock_client.go:45.2,45.28 1 1
github.com/akawula/DoraMatic/github/client/mock_client.go:45.28,47.3 1 1
github.com/akawula/DoraMatic/github/client/mock_client.go:50.2,50.86 1 1
github.com/akawula/DoraMatic/github/client/mock_client.go:50.86,52.17 2 0
github.com/akawula/DoraMatic/github/client/mock_client.go:52.17,54.4 1 0
github.com/akawula/DoraMatic/github/client/mock_client.go:55.3,55.13 1 0
github.com/akawula/DoraMatic/github/client/mock_client.go:61.2,61.31 1 1
github.com/akawula/DoraMatic/github/client/mock_client.go:61.31,65.17 2 1
github.com/akawula/DoraMatic/github/client/mock_client.go:65.17,66.18 1 0
github.com/akawula/DoraMatic/github/client/mock_client.go:66.18,68.5 1 0
github.com/akawula/DoraMatic/github/client/mock_client.go:69.4,69.77 1 0
github.com/akawula/DoraMatic/github/client/mock_client.go:73.3,73.47 1 1
github.com/akawula/DoraMatic/github/client/mock_client.go:73.47,75.18 2 0
github.com/akawula/DoraMatic/github/client/mock_client.go:75.18,77.5 1 0
github.com/akawula/DoraMatic/github/client/mock_client.go:78.4,78.14 1 0
github.com/akawula/DoraMatic/github/client/mock_client.go:81.3,82.17 2 1
github.com/akawula/DoraMatic/github/client/mock_client.go:82.17,83.18 1 0
github.com/akawula/DoraMatic/github/client/mock_client.go:83.18,85.5 1 0
github.com/akawula/DoraMatic/github/client/mock_client.go:86.4,86.97 1 0
github.com/akawula/DoraMatic/github/client/mock_client.go:90.2,90.12 1 1
github.com/akawula/DoraMatic/github/client/mock_client.go:95.60,98.2 2 1
github.com/akawula/DoraMatic/github/client/mock_client.go:100.50,103.2 2 1
github.com/akawula/DoraMatic/github/client/mock_client.go:105.90,108.2 2 0
github.com/akawula/DoraMatic/github/client/mock_client.go:110.38,117.2 5 0
github.com/akawula/DoraMatic/github/pullrequests/pullrequests.go:50.133,68.6 6 1
github.com/akawula/DoraMatic/github/pullrequests/pullrequests.go:68.6,71.17 2 1
github.com/akawula/DoraMatic/github/pullrequests/pullrequests.go:71.17,72.19 1 1
github.com/akawula/DoraMatic/github/pullrequests/pullrequests.go:72.19,75.13 3 1
github.com/akawula/DoraMatic/github/pullrequests/pullrequests.go:77.4,77.19 1 1
github.com/akawula/DoraMatic/github/pullrequests/pullrequests.go:79.3,80.157 2 1
github.com/akawula/DoraMatic/github/pullrequests/pullrequests.go:80.157,81.9 1 1
github.com/akawula/DoraMatic/github/pullrequests/pullrequests.go:83.3,83.85 1 1
github.com/akawula/DoraMatic/github/pullrequests/pullrequests.go:86.2,86.21 1 1
github.com/akawula/DoraMatic/github/pullrequests/pullrequests.go:89.68,91.16 2 1
github.com/akawula/DoraMatic/github/pullrequests/pullrequests.go:91.16,93.3 1 1
github.com/akawula/DoraMatic/github/pullrequests/pullrequests.go:95.2,95.29 1 1
github.com/akawula/DoraMatic/github/client/client.go:11.29,17.2 3 0
github.com/akawula/DoraMatic/github/client/mock_client.go:37.112,41.24 2 1
github.com/akawula/DoraMatic/github/client/mock_client.go:41.24,43.3 1 1
github.com/akawula/DoraMatic/github/client/mock_client.go:45.2,45.28 1 1
github.com/akawula/DoraMatic/github/client/mock_client.go:45.28,47.3 1 1
github.com/akawula/DoraMatic/github/client/mock_client.go:50.2,50.86 1 1
github.com/akawula/DoraMatic/github/client/mock_client.go:50.86,52.17 2 0
github.com/akawula/DoraMatic/github/client/mock_client.go:52.17,54.4 1 0
github.com/akawula/DoraMatic/github/client/mock_client.go:55.3,55.13 1 0
github.com/akawula/DoraMatic/github/client/mock_client.go:61.2,61.31 1 1
github.com/akawula/DoraMatic/github/client/mock_client.go:61.31,65.17 2 1
github.com/akawula/DoraMatic/github/client/mock_client.go:65.17,66.18 1 0
github.com/akawula/DoraMatic/github/client/mock_client.go:66.18,68.5 1 0
github.com/akawula/DoraMatic/github/client/mock_client.go:69.4,69.77 1 0
github.com/akawula/DoraMatic/github/client/mock_client.go:73.3,73.47 1 1
github.com/akawula/DoraMatic/github/client/mock_client.go:73.47,75.18 2 0
github.com/akawula/DoraMatic/github/client/mock_client.go:75.18,77.5 1 0
github.com/akawula/DoraMatic/github/client/mock_client.go:78.4,78.14 1 0
github.com/akawula/DoraMatic/github/client/mock_client.go:81.3,82.17 2 1
github.com/akawula/DoraMatic/github/client/mock_client.go:82.17,83.18 1 0
github.com/akawula/DoraMatic/github/client/mock_client.go:83.18,85.5 1 0
github.com/akawula/DoraMatic/github/client/mock_client.go:86.4,86.97 1 0
github.com/akawula/DoraMatic/github/client/mock_client.go:90.2,90.12 1 1
github.com/akawula/DoraMatic/github/client/mock_client.go:95.60,98.2 2 1
github.com/akawula/DoraMatic/github/client/mock_client.go:100.50,103.2 2 1
github.com/akawula/DoraMatic/github/client/mock_client.go:105.90,108.2 2 0
github.com/akawula/DoraMatic/github/client/mock_client.go:110.38,117.2 5 0
github.com/akawula/DoraMatic/github/organizations/organizations.go:25.60,30.16 2 1
github.com/akawula/DoraMatic/github/organizations/organizations.go:30.16,32.3 1 1
github.com/akawula/DoraMatic/github/organizations/organizations.go:34.2,35.60 2 1
github.com/akawula/DoraMatic/github/organizations/organizations.go:35.60,37.3 1 1
github.com/akawula/DoraMatic/github/organizations/organizations.go:39.2,39.21 1 1
github.com/akawula/DoraMatic/github/organizations/teams.go:37.76,40.16 2 1
github.com/akawula/DoraMatic/github/organizations/teams.go:40.16,42.3 1 1
github.com/akawula/DoraMatic/github/organizations/teams.go:44.2,45.27 2 1
github.com/akawula/DoraMatic/github/organizations/teams.go:45.27,48.17 2 1
github.com/akawula/DoraMatic/github/organizations/teams.go:48.17,50.4 1 1
github.com/akawula/DoraMatic/github/organizations/teams.go:51.3,51.27 1 1
github.com/akawula/DoraMatic/github/organizations/teams.go:54.2,54.21 1 1
github.com/akawula/DoraMatic/github/organizations/teams.go:58.87,64.6 4 1
github.com/akawula/DoraMatic/github/organizations/teams.go:64.6,67.17 2 1
github.com/akawula/DoraMatic/github/organizations/teams.go:67.17,68.19 1 1
github.com/akawula/DoraMatic/github/organizations/teams.go:68.19,70.13 2 1
github.com/akawula/DoraMatic/github/organizations/teams.go:72.4,72.19 1 1
github.com/akawula/DoraMatic/github/organizations/teams.go:76.3,76.58 1 1
github.com/akawula/DoraMatic/github/organizations/teams.go:76.58,77.9 1 0
github.com/akawula/DoraMatic/github/organizations/teams.go:80.3,81.80 2 1
github.com/akawula/DoraMatic/github/organizations/teams.go:81.80,83.4 1 1
github.com/akawula/DoraMatic/github/organizations/teams.go:85.3,85.80 1 1
github.com/akawula/DoraMatic/github/organizations/teams.go:85.80,87.4 1 1
github.com/akawula/DoraMatic/github/organizations/teams.go:87.9,87.70 1 1
github.com/akawula/DoraMatic/github/organizations/teams.go:87.70,90.4 2 0
github.com/akawula/DoraMatic/github/organizations/teams.go:90.9,91.9 1 1
github.com/akawula/DoraMatic/github/organizations/teams.go:95.2,95.21 1 1
github.com/akawula/DoraMatic/github/client/client.go:11.29,17.2 3 0
github.com/akawula/DoraMatic/github/client/mock_client.go:37.112,41.24 2 0
github.com/akawula/DoraMatic/github/client/mock_client.go:41.24,43.3 1 0
github.com/akawula/DoraMatic/github/client/mock_client.go:45.2,45.28 1 0
github.com/akawula/DoraMatic/github/client/mock_client.go:45.28,47.3 1 0
github.com/akawula/DoraMatic/github/client/mock_client.go:50.2,50.86 1 0
github.com/akawula/DoraMatic/github/client/mock_client.go:50.86,52.17 2 0
github.com/akawula/DoraMatic/github/client/mock_client.go:52.17,54.4 1 0
github.com/akawula/DoraMatic/github/client/mock_client.go:55.3,55.13 1 0
github.com/akawula/DoraMatic/github/client/mock_client.go:61.2,61.31 1 0
github.com/akawula/DoraMatic/github/client/mock_client.go:61.31,65.17 2 0
github.com/akawula/DoraMatic/github/client/mock_client.go:65.17,66.18 1 0
github.com/akawula/DoraMatic/github/client/mock_client.go:66.18,68.5 1 0
github.com/akawula/DoraMatic/github/client/mock_client.go:69.4,69.77 1 0
github.com/akawula/DoraMatic/github/client/mock_client.go:73.3,73.47 1 0
github.com/akawula/DoraMatic/github/client/mock_client.go:73.47,75.18 2 0
github.com/akawula/DoraMatic/github/client/mock_client.go:75.18,77.5 1 0
github.com/akawula/DoraMatic/github/client/mock_client.go:78.4,78.14 1 0
github.com/akawula/DoraMatic/github/client/mock_client.go:81.3,82.17 2 0
github.com/akawula/DoraMatic/github/client/mock_client.go:82.17,83.18 1 0
github.com/akawula/DoraMatic/github/client/mock_client.go:83.18,85.5 1 0
github.com/akawula/DoraMatic/github/client/mock_client.go:86.4,86.97 1 0
github.com/akawula/DoraMatic/github/client/mock_client.go:90.2,90.12 1 0
github.com/akawula/DoraMatic/github/client/mock_client.go:95.60,98.2 2 0
github.com/akawula/DoraMatic/github/client/mock_client.go:100.50,103.2 2 0
github.com/akawula/DoraMatic/github/client/mock_client.go:105.90,108.2 2 0
github.com/akawula/DoraMatic/github/client/mock_client.go:110.38,117.2 5 0
github.com/akawula/DoraMatic/store/base.go:37.52,41.21 4 1
github.com/akawula/DoraMatic/store/base.go:41.21,43.3 1 1
github.com/akawula/DoraMatic/store/base.go:45.2,45.45 1 1
github.com/akawula/DoraMatic/store/base.go:48.52,51.15 2 1
github.com/akawula/DoraMatic/store/base.go:51.15,53.3 1 1
github.com/akawula/DoraMatic/store/base.go:55.2,55.8 1 1
github.com/akawula/DoraMatic/store/postgres.go:32.45,35.16 3 0
github.com/akawula/DoraMatic/store/postgres.go:35.16,37.3 1 0
github.com/akawula/DoraMatic/store/postgres.go:39.2,39.42 1 0
github.com/akawula/DoraMatic/store/postgres.go:42.28,44.2 1 0
github.com/akawula/DoraMatic/store/postgres.go:46.43,50.40 3 0
github.com/akawula/DoraMatic/store/postgres.go:50.40,53.3 2 0
github.com/akawula/DoraMatic/store/postgres.go:55.2,55.16 1 0
github.com/akawula/DoraMatic/store/postgres.go:58.83,68.54 8 0
github.com/akawula/DoraMatic/store/postgres.go:68.54,71.3 2 0
github.com/akawula/DoraMatic/store/postgres.go:73.2,73.26 1 0
github.com/akawula/DoraMatic/store/postgres.go:76.69,79.29 3 0
github.com/akawula/DoraMatic/store/postgres.go:79.29,81.3 1 0
github.com/akawula/DoraMatic/store/postgres.go:83.2,85.16 2 0
github.com/akawula/DoraMatic/store/postgres.go:85.16,88.3 2 0
github.com/akawula/DoraMatic/store/postgres.go:89.2,89.12 1 0
github.com/akawula/DoraMatic/store/postgres.go:92.73,96.16 4 0
github.com/akawula/DoraMatic/store/postgres.go:96.16,99.3 2 0
github.com/akawula/DoraMatic/store/postgres.go:101.2,101.18 1 0
github.com/akawula/DoraMatic/store/postgres.go:101.18,103.17 2 0
github.com/akawula/DoraMatic/store/postgres.go:103.17,106.4 2 0
github.com/akawula/DoraMatic/store/postgres.go:109.2,109.8 1 0
github.com/akawula/DoraMatic/store/postgres.go:112.80,113.19 1 0
github.com/akawula/DoraMatic/store/postgres.go:113.19,116.3 2 0
github.com/akawula/DoraMatic/store/postgres.go:118.2,119.25 2 0
github.com/akawula/DoraMatic/store/postgres.go:119.25,122.38 3 0
github.com/akawula/DoraMatic/store/postgres.go:122.38,127.4 1 0
github.com/akawula/DoraMatic/store/postgres.go:128.3,128.27 1 0
github.com/akawula/DoraMatic/store/postgres.go:128.27,133.4 1 0
github.com/akawula/DoraMatic/store/postgres.go:134.3,151.32 2 0
github.com/akawula/DoraMatic/store/postgres.go:151.32,153.4 1 0
github.com/akawula/DoraMatic/store/postgres.go:155.3,155.17 1 0
github.com/akawula/DoraMatic/store/postgres.go:155.17,157.4 1 0
github.com/akawula/DoraMatic/store/postgres.go:160.2,160.79 1 0
github.com/akawula/DoraMatic/store/postgres.go:160.79,166.17 2 0
github.com/akawula/DoraMatic/store/postgres.go:166.17,169.4 2 0
github.com/akawula/DoraMatic/store/postgres.go:172.2,172.8 1 0
github.com/akawula/DoraMatic/store/postgres.go:175.89,177.33 2 0
github.com/akawula/DoraMatic/store/postgres.go:177.33,183.3 1 0
github.com/akawula/DoraMatic/store/postgres.go:185.2,187.16 2 0
github.com/akawula/DoraMatic/store/postgres.go:187.16,190.3 2 0
github.com/akawula/DoraMatic/store/postgres.go:191.2,191.8 1 0
github.com/akawula/DoraMatic/store/postgres.go:194.58,196.74 2 0
github.com/akawula/DoraMatic/store/postgres.go:196.74,199.3 2 0
github.com/akawula/DoraMatic/store/postgres.go:201.2,201.19 1 0
github.com/akawula/DoraMatic/store/postgres.go:204.63,206.35 2 0
github.com/akawula/DoraMatic/store/postgres.go:206.35,208.34 2 0
github.com/akawula/DoraMatic/store/postgres.go:208.34,210.4 1 0
github.com/akawula/DoraMatic/store/postgres.go:211.3,213.17 2 0
github.com/akawula/DoraMatic/store/postgres.go:213.17,216.4 2 0
github.com/akawula/DoraMatic/store/postgres.go:219.2,219.12 1 0
github.com/akawula/DoraMatic/store/postgres.go:225.70,233.16 3 0
github.com/akawula/DoraMatic/store/postgres.go:233.16,236.3 2 0
github.com/akawula/DoraMatic/store/postgres.go:238.2,238.17 1 0
github.com/akawula/DoraMatic/github/client/client.go:11.29,17.2 3 0
github.com/akawula/DoraMatic/github/client/mock_client.go:37.112,41.24 2 1
github.com/akawula/DoraMatic/github/client/mock_client.go:41.24,43.3 1 1
github.com/akawula/DoraMatic/github/client/mock_client.go:45.2,45.28 1 1
github.com/akawula/DoraMatic/github/client/mock_client.go:45.28,47.3 1 1
github.com/akawula/DoraMatic/github/client/mock_client.go:50.2,50.86 1 1
github.com/akawula/DoraMatic/github/client/mock_client.go:50.86,52.17 2 0
github.com/akawula/DoraMatic/github/client/mock_client.go:52.17,54.4 1 0
github.com/akawula/DoraMatic/github/client/mock_client.go:55.3,55.13 1 0
github.com/akawula/DoraMatic/github/client/mock_client.go:61.2,61.31 1 1
github.com/akawula/DoraMatic/github/client/mock_client.go:61.31,65.17 2 1
github.com/akawula/DoraMatic/github/client/mock_client.go:65.17,66.18 1 0
github.com/akawula/DoraMatic/github/client/mock_client.go:66.18,68.5 1 0
github.com/akawula/DoraMatic/github/client/mock_client.go:69.4,69.77 1 0
github.com/akawula/DoraMatic/github/client/mock_client.go:73.3,73.47 1 1
github.com/akawula/DoraMatic/github/client/mock_client.go:73.47,75.18 2 0
github.com/akawula/DoraMatic/github/client/mock_client.go:75.18,77.5 1 0
github.com/akawula/DoraMatic/github/client/mock_client.go:78.4,78.14 1 0
github.com/akawula/DoraMatic/github/client/mock_client.go:81.3,82.17 2 1
github.com/akawula/DoraMatic/github/client/mock_client.go:82.17,83.18 1 0
github.com/akawula/DoraMatic/github/client/mock_client.go:83.18,85.5 1 0
github.com/akawula/DoraMatic/github/client/mock_client.go:86.4,86.97 1 0
github.com/akawula/DoraMatic/github/client/mock_client.go:90.2,90.12 1 1
github.com/akawula/DoraMatic/github/client/mock_client.go:95.60,98.2 2 1
github.com/akawula/DoraMatic/github/client/mock_client.go:100.50,103.2 2 1
github.com/akawula/DoraMatic/github/client/mock_client.go:105.90,108.2 2 0
github.com/akawula/DoraMatic/github/client/mock_client.go:110.38,117.2 5 0
github.com/akawula/DoraMatic/github/repositories/repositories.go:22.64,25.16 2 1
github.com/akawula/DoraMatic/github/repositories/repositories.go:25.16,27.3 1 1
github.com/akawula/DoraMatic/github/repositories/repositories.go:29.2,30.27 2 1
github.com/akawula/DoraMatic/github/repositories/repositories.go:30.27,33.17 2 1
github.com/akawula/DoraMatic/github/repositories/repositories.go:33.17,35.4 1 1
github.com/akawula/DoraMatic/github/repositories/repositories.go:36.3,36.26 1 1
github.com/akawula/DoraMatic/github/repositories/repositories.go:39.2,39.15 1 1
github.com/akawula/DoraMatic/github/repositories/repositories.go:43.81,59.6 4 1
github.com/akawula/DoraMatic/github/repositories/repositories.go:59.6,62.17 2 1
github.com/akawula/DoraMatic/github/repositories/repositories.go:62.17,64.4 1 1
github.com/akawula/DoraMatic/github/repositories/repositories.go:65.3,66.64 2 1
github.com/akawula/DoraMatic/github/repositories/repositories.go:66.64,67.9 1 1
github.com/akawula/DoraMatic/github/repositories/repositories.go:69.3,69.78 1 1
github.com/akawula/DoraMatic/github/repositories/repositories.go:72.2,72.21 1 1
